# JRE version: Java(TM) SE Runtime Environment (7.0_71-b14) (build 1.7.0_71-b14)
# Java VM: Java HotSpot(TM) 64-Bit Server VM (24.71-b01 mixed mode linux-amd64 compressed oops)
Heap
 PSYoungGen      total 263168K, used 73311K [0x00000007d6d00000, 0x00000007e8c00000, 0x0000000800000000)
  eden space 247808K, 23% used [0x00000007d6d00000,0x00000007da59d398,0x00000007e5f00000)
  from space 15360K, 99% used [0x00000007e7300000,0x00000007e81fab90,0x00000007e8200000)
  to   space 20480K, 0% used [0x00000007e5f00000,0x00000007e5f00000,0x00000007e7300000)
 ParOldGen       total 83968K, used 14766K [0x0000000784800000, 0x0000000789a00000, 0x00000007d6d00000)
  object space 83968K, 17% used [0x0000000784800000,0x000000078566ba28,0x0000000789a00000)
 PSPermGen       total 35840K, used 35747K [0x000000077f600000, 0x0000000781900000, 0x0000000784800000)
  object space 35840K, 99% used [0x000000077f600000,0x00000007818e8f48,0x0000000781900000)
GC Heap History (10 events):
Event: 1.392 GC heap before
{Heap before GC invocations=4 (full 0):
 PSYoungGen      total 37376K, used 36934K [0x00000007d6d00000, 0x00000007db600000, 0x0000000800000000)
  eden space 32256K, 100% used [0x00000007d6d00000,0x00000007d8c80000,0x00000007d8c80000)
  from space 5120K, 91% used [0x00000007d8c80000,0x00000007d9111bd0,0x00000007d9180000)
  to   space 5120K, 0% used [0x00000007db100000,0x00000007db100000,0x00000007db600000)
 ParOldGen       total 83968K, used 24K [0x0000000784800000, 0x0000000789a00000, 0x00000007d6d00000)
  object space 83968K, 0% used [0x0000000784800000,0x0000000784806000,0x0000000789a00000)
 PSPermGen       total 21504K, used 13897K [0x000000077f600000, 0x0000000780b00000, 0x0000000784800000)
  object space 21504K, 64% used [0x000000077f600000,0x00000007803926d8,0x0000000780b00000)
Event: 1.396 GC heap after
Heap after GC invocations=4 (full 0):
 PSYoungGen      total 69632K, used 5100K [0x00000007d6d00000, 0x00000007db600000, 0x0000000800000000)
  eden space 64512K, 0% used [0x00000007d6d00000,0x00000007d6d00000,0x00000007dac00000)
  from space 5120K, 99% used [0x00000007db100000,0x00000007db5fb3d0,0x00000007db600000)
  to   space 5120K, 0% used [0x00000007dac00000,0x00000007dac00000,0x00000007db100000)
 ParOldGen       total 83968K, used 796K [0x0000000784800000, 0x0000000789a00000, 0x00000007d6d00000)
  object space 83968K, 0% used [0x0000000784800000,0x00000007848c73d8,0x0000000789a00000)
 PSPermGen       total 21504K, used 13897K [0x000000077f600000, 0x0000000780b00000, 0x0000000784800000)
  object space 21504K, 64% used [0x000000077f600000,0x00000007803926d8,0x0000000780b00000)
}
Event: 2.463 GC heap before
{Heap before GC invocations=5 (full 0):
 PSYoungGen      total 69632K, used 69612K [0x00000007d6d00000, 0x00000007db600000, 0x0000000800000000)
  eden space 64512K, 100% used [0x00000007d6d00000,0x00000007dac00000,0x00000007dac00000)
  from space 5120K, 99% used [0x00000007db100000,0x00000007db5fb3d0,0x00000007db600000)
  to   space 5120K, 0% used [0x00000007dac00000,0x00000007dac00000,0x00000007db100000)
 ParOldGen       total 83968K, used 796K [0x0000000784800000, 0x0000000789a00000, 0x00000007d6d00000)
  object space 83968K, 0% used [0x0000000784800000,0x00000007848c73d8,0x0000000789a00000)
 PSPermGen       total 21504K, used 16745K [0x000000077f600000, 0x0000000780b00000, 0x0000000784800000)
  object space 21504K, 77% used [0x000000077f600000,0x000000078065a4d8,0x0000000780b00000)
Event: 2.470 GC heap after
Heap after GC invocations=5 (full 0):
 PSYoungGen      total 69632K, used 5107K [0x00000007d6d00000, 0x00000007dfb00000, 0x0000000800000000)
  eden space 64512K, 0% used [0x00000007d6d00000,0x00000007d6d00000,0x00000007dac00000)
  from space 5120K, 99% used [0x00000007dac00000,0x00000007db0fced8,0x00000007db100000)
  to   space 8192K, 0% used [0x00000007df300000,0x00000007df300000,0x00000007dfb00000)
 ParOldGen       total 83968K, used 1983K [0x0000000784800000, 0x0000000789a00000, 0x00000007d6d00000)
  object space 83968K, 2% used [0x0000000784800000,0x00000007849efd70,0x0000000789a00000)
 PSPermGen       total 21504K, used 16745K [0x000000077f600000, 0x0000000780b00000, 0x0000000784800000)
  object space 21504K, 77% used [0x000000077f600000,0x000000078065a4d8,0x0000000780b00000)
}
Event: 3.136 GC heap before
{Heap before GC invocations=6 (full 0):
 PSYoungGen      total 69632K, used 69619K [0x00000007d6d00000, 0x00000007dfb00000, 0x0000000800000000)
  eden space 64512K, 100% used [0x00000007d6d00000,0x00000007dac00000,0x00000007dac00000)
  from space 5120K, 99% used [0x00000007dac00000,0x00000007db0fced8,0x00000007db100000)
  to   space 8192K, 0% used [0x00000007df300000,0x00000007df300000,0x00000007dfb00000)
 ParOldGen       total 83968K, used 1983K [0x0000000784800000, 0x0000000789a00000, 0x00000007d6d00000)
  object space 83968K, 2% used [0x0000000784800000,0x00000007849efd70,0x0000000789a00000)
 PSPermGen       total 24576K, used 24497K [0x000000077f600000, 0x0000000780e00000, 0x0000000784800000)
  object space 24576K, 99% used [0x000000077f600000,0x0000000780dec748,0x0000000780e00000)
Event: 3.146 GC heap after
Heap after GC invocations=6 (full 0):
 PSYoungGen      total 134656K, used 8177K [0x00000007d6d00000, 0x00000007e0000000, 0x0000000800000000)
  eden space 126464K, 0% used [0x00000007d6d00000,0x00000007d6d00000,0x00000007de880000)
  from space 8192K, 99% used [0x00000007df300000,0x00000007dfafc698,0x00000007dfb00000)
  to   space 10752K, 0% used [0x00000007de880000,0x00000007de880000,0x00000007df300000)
 ParOldGen       total 83968K, used 4430K [0x0000000784800000, 0x0000000789a00000, 0x00000007d6d00000)
  object space 83968K, 5% used [0x0000000784800000,0x0000000784c53bc0,0x0000000789a00000)
 PSPermGen       total 24576K, used 24497K [0x000000077f600000, 0x0000000780e00000, 0x0000000784800000)
  object space 24576K, 99% used [0x000000077f600000,0x0000000780dec748,0x0000000780e00000)
}
Event: 4.122 GC heap before
{Heap before GC invocations=7 (full 0):
 PSYoungGen      total 134656K, used 134641K [0x00000007d6d00000, 0x00000007e0000000, 0x0000000800000000)
  eden space 126464K, 100% used [0x00000007d6d00000,0x00000007de880000,0x00000007de880000)
  from space 8192K, 99% used [0x00000007df300000,0x00000007dfafc698,0x00000007dfb00000)
  to   space 10752K, 0% used [0x00000007de880000,0x00000007de880000,0x00000007df300000)
 ParOldGen       total 83968K, used 4430K [0x0000000784800000, 0x0000000789a00000, 0x00000007d6d00000)
  object space 83968K, 5% used [0x0000000784800000,0x0000000784c53bc0,0x0000000789a00000)
 PSPermGen       total 29696K, used 29217K [0x000000077f600000, 0x0000000781300000, 0x0000000784800000)
  object space 29696K, 98% used [0x000000077f600000,0x0000000781288508,0x0000000781300000)
Event: 4.139 GC heap after
Heap after GC invocations=7 (full 0):
 PSYoungGen      total 137216K, used 10742K [0x00000007d6d00000, 0x00000007e8200000, 0x0000000800000000)
  eden space 126464K, 0% used [0x00000007d6d00000,0x00000007d6d00000,0x00000007de880000)
  from space 10752K, 99% used [0x00000007de880000,0x00000007df2fdba0,0x00000007df300000)
  to   space 15360K, 0% used [0x00000007e7300000,0x00000007e7300000,0x00000007e8200000)
 ParOldGen       total 83968K, used 9199K [0x0000000784800000, 0x0000000789a00000, 0x00000007d6d00000)
  object space 83968K, 10% used [0x0000000784800000,0x00000007850fbfa0,0x0000000789a00000)
 PSPermGen       total 29696K, used 29217K [0x000000077f600000, 0x0000000781300000, 0x0000000784800000)
  object space 29696K, 98% used [0x000000077f600000,0x0000000781288508,0x0000000781300000)
}
Event: 4.870 GC heap before
{Heap before GC invocations=8 (full 0):
 PSYoungGen      total 137216K, used 137206K [0x00000007d6d00000, 0x00000007e8200000, 0x0000000800000000)
  eden space 126464K, 100% used [0x00000007d6d00000,0x00000007de880000,0x00000007de880000)
  from space 10752K, 99% used [0x00000007de880000,0x00000007df2fdba0,0x00000007df300000)
  to   space 15360K, 0% used [0x00000007e7300000,0x00000007e7300000,0x00000007e8200000)
 ParOldGen       total 83968K, used 9199K [0x0000000784800000, 0x0000000789a00000, 0x00000007d6d00000)
  object space 83968K, 10% used [0x0000000784800000,0x00000007850fbfa0,0x0000000789a00000)
 PSPermGen       total 34816K, used 34460K [0x000000077f600000, 0x0000000781800000, 0x0000000784800000)
  object space 34816K, 98% used [0x000000077f600000,0x00000007817a72f0,0x0000000781800000)
Event: 4.893 GC heap after
Heap after GC invocations=8 (full 0):
 PSYoungGen      total 263168K, used 15338K [0x00000007d6d00000, 0x00000007e8c00000, 0x0000000800000000)
  eden space 247808K, 0% used [0x00000007d6d00000,0x00000007d6d00000,0x00000007e5f00000)
  from space 15360K, 99% used [0x00000007e7300000,0x00000007e81fab90,0x00000007e8200000)
  to   space 20480K, 0% used [0x00000007e5f00000,0x00000007e5f00000,0x00000007e7300000)
 ParOldGen       total 83968K, used 14766K [0x0000000784800000, 0x0000000789a00000, 0x00000007d6d00000)
  object space 83968K, 17% used [0x0000000784800000,0x000000078566ba28,0x0000000789a00000)
 PSPermGen       total 34816K, used 34460K [0x000000077f600000, 0x0000000781800000, 0x0000000784800000)
  object space 34816K, 98% used [0x000000077f600000,0x00000007817a72f0,0x0000000781800000)
}

